<?xml version="1.0" encoding="UTF-8"?>
<!-- Generated by org.testng.reporters.JUnitReportReporter -->
<testsuite hostname="vishal" failures="0" tests="1" name="script.ForgotPassword" time="14.184" errors="0" timestamp="2023-03-05T17:14:42 IST" skipped="0">
  <testcase classname="script.ForgotPassword" name="clickFrtPass" time="14.184"/>
  <system-out>
    <![CDATA[pass]]>
  </system-out>
</testsuite> <!-- script.ForgotPassword -->
