<?xml version="1.0" encoding="UTF-8"?>
<!-- Generated by org.testng.reporters.JUnitReportReporter -->
<testsuite hostname="vishal" failures="0" tests="1" name="script.TestLogin" time="28.567" errors="0" timestamp="2023-03-05T15:27:20 IST" skipped="0">
  <testcase classname="script.TestLogin" name="RunByValidData" time="28.567"/>
  <system-out>
    <![CDATA[logout link is displayed
TITLE :Magnus]]>
  </system-out>
</testsuite> <!-- script.TestLogin -->
