<?xml version="1.0" encoding="UTF-8"?>
<!-- Generated by org.testng.reporters.JUnitReportReporter -->
<testsuite hostname="vishal" failures="0" tests="1" name="script.Test1" time="13.872" errors="0" timestamp="2023-03-05T00:21:23 IST" skipped="0">
  <testcase classname="script.Test1" name="runMethod" time="13.872"/>
  <system-out>
    <![CDATA[TITLE :Login]]>
  </system-out>
</testsuite> <!-- script.Test1 -->
