<?xml version="1.0" encoding="UTF-8"?>
<!-- Generated by org.testng.reporters.JUnitReportReporter -->
<testsuite hostname="vishal" failures="0" tests="1" name="script.TestInvalidLogin" time="16.574" errors="0" timestamp="2023-03-05T15:26:32 IST" skipped="0">
  <testcase classname="script.TestInvalidLogin" name="RunByInvalidData" time="16.574"/>
  <system-out>
    <![CDATA[error msg is displayed
error msg is not displayed]]>
  </system-out>
</testsuite> <!-- script.TestInvalidLogin -->
